0 info it worked if it ends with ok
1 verbose cli [ '/usr/local/bin/node', '/usr/local/bin/npm', 'test' ]
2 info using npm@4.1.2
3 info using node@v7.7.1
4 verbose config Skipping project config: /home/gefalko/.npmrc. (matches userconfig)
5 verbose stack Error: ENOENT: no such file or directory, open '/home/gefalko/package.json'
6 verbose cwd /home/gefalko/WebstormProjects/gecar.lt
7 error Linux 3.10.0-693.2.2.el7.x86_64
8 error argv "/usr/local/bin/node" "/usr/local/bin/npm" "test"
9 error node v7.7.1
10 error npm  v4.1.2
11 error path /home/gefalko/package.json
12 error code ENOENT
13 error errno -2
14 error syscall open
15 error enoent ENOENT: no such file or directory, open '/home/gefalko/package.json'
16 error enoent ENOENT: no such file or directory, open '/home/gefalko/package.json'
16 error enoent This is most likely not a problem with npm itself
16 error enoent and is related to npm not being able to find a file.
17 verbose exit [ -2, true ]
