0 info it worked if it ends with ok
1 verbose cli [ '/usr/bin/node', '/usr/bin/npm', 'run', 'start-babel-server' ]
2 info using npm@4.1.2
3 info using node@v7.7.1
4 verbose run-script [ 'prestart-babel-server',
4 verbose run-script   'start-babel-server',
4 verbose run-script   'poststart-babel-server' ]
5 info lifecycle gecar@1.0.0~prestart-babel-server: gecar@1.0.0
6 silly lifecycle gecar@1.0.0~prestart-babel-server: no script for prestart-babel-server, continuing
7 info lifecycle gecar@1.0.0~start-babel-server: gecar@1.0.0
8 verbose lifecycle gecar@1.0.0~start-babel-server: unsafe-perm in lifecycle true
9 verbose lifecycle gecar@1.0.0~start-babel-server: PATH: /usr/lib/node_modules/npm/bin/node-gyp-bin:/home/git/gecar2.src/gecar2/back/node_modules/.bin:/usr/local/bin:/usr/bin:/usr/local/sbin:/usr/sbin:/opt/gradle/bin:/home/git/.local/bin:/home/git/bin
10 verbose lifecycle gecar@1.0.0~start-babel-server: CWD: /home/git/gecar2.src/gecar2/back
11 silly lifecycle gecar@1.0.0~start-babel-server: Args: [ '-c', 'babel-node ./jobs/server.js' ]
12 silly lifecycle gecar@1.0.0~start-babel-server: Returned: code: 1  signal: null
13 info lifecycle gecar@1.0.0~start-babel-server: Failed to exec start-babel-server script
14 verbose stack Error: gecar@1.0.0 start-babel-server: `babel-node ./jobs/server.js`
14 verbose stack Exit status 1
14 verbose stack     at EventEmitter.<anonymous> (/usr/lib/node_modules/npm/lib/utils/lifecycle.js:279:16)
14 verbose stack     at emitTwo (events.js:106:13)
14 verbose stack     at EventEmitter.emit (events.js:194:7)
14 verbose stack     at ChildProcess.<anonymous> (/usr/lib/node_modules/npm/lib/utils/spawn.js:40:14)
14 verbose stack     at emitTwo (events.js:106:13)
14 verbose stack     at ChildProcess.emit (events.js:194:7)
14 verbose stack     at maybeClose (internal/child_process.js:899:16)
14 verbose stack     at Process.ChildProcess._handle.onexit (internal/child_process.js:226:5)
15 verbose pkgid gecar@1.0.0
16 verbose cwd /home/git/gecar2.src/gecar2/back
17 error Linux 2.6.32-042stab128.2
18 error argv "/usr/bin/node" "/usr/bin/npm" "run" "start-babel-server"
19 error node v7.7.1
20 error npm  v4.1.2
21 error code ELIFECYCLE
22 error gecar@1.0.0 start-babel-server: `babel-node ./jobs/server.js`
22 error Exit status 1
23 error Failed at the gecar@1.0.0 start-babel-server script 'babel-node ./jobs/server.js'.
23 error Make sure you have the latest version of node.js and npm installed.
23 error If you do, this is most likely a problem with the gecar package,
23 error not with npm itself.
23 error Tell the author that this fails on your system:
23 error     babel-node ./jobs/server.js
23 error You can get information on how to open an issue for this project with:
23 error     npm bugs gecar
23 error Or if that isn't available, you can get their info via:
23 error     npm owner ls gecar
23 error There is likely additional logging output above.
24 verbose exit [ 1, true ]
